<?xml version="1.0" encoding="UTF-8"?>
<!-- Generated by org.testng.reporters.JUnitXMLReporter -->
<testsuite ignored="0" hostname="MilanThakkar" failures="0" tests="2" name="Default test" time="5.439" errors="0" timestamp="2025-01-11T23:20:28 EST">
  <testcase classname="tests.TS02VerifyCustomerFunctionality" name="verifyAddCustomer" time="1.167"/>
  <testcase classname="tests.TS02VerifyCustomerFunctionality" name="verifycustomerDisplayedInCustomersPage" time="0.764"/>
</testsuite> <!-- Default test -->
