<?xml version="1.0" encoding="UTF-8"?>
<!-- Generated by org.testng.reporters.JUnitXMLReporter -->
<testsuite ignored="0" hostname="MilanThakkar" failures="0" tests="4" name="Test" time="12.672" errors="0" timestamp="2025-01-14T21:54:50 EST">
  <testcase classname="tests.TS01VerifyTransactions" name="verifyDepositFunctionality" time="1.55"/>
  <testcase classname="tests.TS01VerifyTransactions" name="verifyWithDrawlFunctionality" time="0.658"/>
  <testcase classname="tests.TS02VerifyCustomerFunctionality" name="verifyAddCustomer" time="1.213"/>
  <testcase classname="tests.TS02VerifyCustomerFunctionality" name="verifycustomerDisplayedInCustomersPage" time="0.613"/>
</testsuite> <!-- Test -->
