<?xml version="1.0" encoding="UTF-8"?>
<!-- Generated by org.testng.reporters.JUnitXMLReporter -->
<testsuite ignored="0" hostname="MilanThakkar" failures="0" tests="1" name="Test" time="0.084" errors="0" timestamp="2024-12-26T22:38:59 EST">
  <testcase classname="tests.TS01VerifyTransactions" name="@BeforeMethod setup" time="0.013">
    <failure type="java.lang.UnsupportedClassVersionError" message="testUtilities/BaseClass has been compiled by a more recent version of the Java Runtime (class file version 65.0), this version of the Java Runtime only recognizes class file versions up to 61.0">
      <![CDATA[java.lang.UnsupportedClassVersionError: testUtilities/BaseClass has been compiled by a more recent version of the Java Runtime (class file version 65.0), this version of the Java Runtime only recognizes class file versions up to 61.0
at java.base/java.lang.ClassLoader.defineClass1(Native Method)
at java.base/java.lang.ClassLoader.defineClass(ClassLoader.java:1012)
at java.base/java.security.SecureClassLoader.defineClass(SecureClassLoader.java:150)
at java.base/jdk.internal.loader.BuiltinClassLoader.defineClass(BuiltinClassLoader.java:862)
at java.base/jdk.internal.loader.BuiltinClassLoader.findClassOnClassPathOrNull(BuiltinClassLoader.java:760)
at java.base/jdk.internal.loader.BuiltinClassLoader.loadClassOrNull(BuiltinClassLoader.java:681)
at java.base/jdk.internal.loader.BuiltinClassLoader.loadClass(BuiltinClassLoader.java:639)
at java.base/jdk.internal.loader.ClassLoaders$AppClassLoader.loadClass(ClassLoaders.java:188)
at java.base/java.lang.ClassLoader.loadClass(ClassLoader.java:520)
at tests.TS01VerifyTransactions.setup(TS01VerifyTransactions.java:32)
at java.base/java.util.ArrayList.forEach(ArrayList.java:1511)
... Removed 31 stack frames]]>
    </failure>
  </testcase> <!-- @BeforeMethod setup -->
  <testcase classname="tests.TS01VerifyTransactions" name="@AfterMethod teardown" time="-1.735270739375E9">
    <skipped/>
  </testcase> <!-- @AfterMethod teardown -->
  <testcase classname="tests.TS01VerifyTransactions" name="verifyDepositFunctionality" time="0.0">
    <skipped/>
  </testcase> <!-- verifyDepositFunctionality -->
</testsuite> <!-- Test -->
