<?xml version="1.0" encoding="UTF-8"?>
<testng-results ignored="0" total="1" passed="1" failed="0" skipped="0">
  <reporter-output>
  </reporter-output>
  <suite started-at="2024-12-24T13:52:47 EST" name="Default suite" finished-at="2024-12-24T13:52:52 EST" duration-ms="4473">
    <groups>
    </groups>
    <test started-at="2024-12-24T13:52:47 EST" name="Default test" finished-at="2024-12-24T13:52:52 EST" duration-ms="4473">
      <class name="tests.TS01VerifyTransactions">
        <test-method is-config="true" signature="setup()[pri:0, instance:tests.TS01VerifyTransactions@6bf0219d]" started-at="2024-12-24T13:52:47 EST" name="setup" finished-at="2024-12-24T13:52:50 EST" duration-ms="2840" status="PASS">
          <reporter-output>
          </reporter-output>
        </test-method> <!-- setup -->
        <test-method signature="verifyDepositFunctionality()[pri:0, instance:tests.TS01VerifyTransactions@6bf0219d]" started-at="2024-12-24T13:52:50 EST" name="verifyDepositFunctionality" finished-at="2024-12-24T13:52:51 EST" duration-ms="1440" status="PASS">
          <reporter-output>
          </reporter-output>
        </test-method> <!-- verifyDepositFunctionality -->
        <test-method is-config="true" signature="teardown()[pri:0, instance:tests.TS01VerifyTransactions@6bf0219d]" started-at="2024-12-24T13:52:51 EST" name="teardown" finished-at="2024-12-24T13:52:52 EST" duration-ms="156" status="PASS">
          <reporter-output>
          </reporter-output>
        </test-method> <!-- teardown -->
      </class> <!-- tests.TS01VerifyTransactions -->
    </test> <!-- Default test -->
  </suite> <!-- Default suite -->
</testng-results>
